mode: atomic
github.com/dav88dev/myWebsite-go/internal/controllers/cv.go:19.38,23.2 1 0
github.com/dav88dev/myWebsite-go/internal/controllers/cv.go:34.47,36.29 1 0
github.com/dav88dev/myWebsite-go/internal/controllers/cv.go:36.29,42.3 2 0
github.com/dav88dev/myWebsite-go/internal/controllers/cv.go:45.2,46.16 2 0
github.com/dav88dev/myWebsite-go/internal/controllers/cv.go:46.16,52.3 2 0
github.com/dav88dev/myWebsite-go/internal/controllers/cv.go:55.2,60.4 2 0
github.com/dav88dev/myWebsite-go/internal/controllers/cv.go:65.54,69.30 2 0
github.com/dav88dev/myWebsite-go/internal/controllers/cv.go:69.30,75.3 2 0
github.com/dav88dev/myWebsite-go/internal/controllers/cv.go:78.2,78.30 1 0
github.com/dav88dev/myWebsite-go/internal/controllers/cv.go:78.30,80.17 2 0
github.com/dav88dev/myWebsite-go/internal/controllers/cv.go:80.17,86.4 2 0
github.com/dav88dev/myWebsite-go/internal/controllers/cv.go:87.3,87.26 1 0
github.com/dav88dev/myWebsite-go/internal/controllers/cv.go:91.2,91.60 1 0
github.com/dav88dev/myWebsite-go/internal/controllers/cv.go:91.60,99.3 2 0
github.com/dav88dev/myWebsite-go/internal/controllers/cv.go:102.2,105.4 1 0
github.com/dav88dev/myWebsite-go/internal/controllers/cv.go:110.70,123.16 4 0
github.com/dav88dev/myWebsite-go/internal/controllers/cv.go:123.16,125.3 1 0
github.com/dav88dev/myWebsite-go/internal/controllers/cv.go:127.2,127.37 1 0
github.com/dav88dev/myWebsite-go/internal/controllers/cv.go:127.37,129.17 2 0
github.com/dav88dev/myWebsite-go/internal/controllers/cv.go:129.17,130.12 1 0
github.com/dav88dev/myWebsite-go/internal/controllers/cv.go:134.3,134.43 1 0
github.com/dav88dev/myWebsite-go/internal/controllers/cv.go:134.43,135.12 1 0
github.com/dav88dev/myWebsite-go/internal/controllers/cv.go:138.3,139.17 2 0
github.com/dav88dev/myWebsite-go/internal/controllers/cv.go:139.17,140.12 1 0
github.com/dav88dev/myWebsite-go/internal/controllers/cv.go:143.3,144.17 2 0
github.com/dav88dev/myWebsite-go/internal/controllers/cv.go:144.17,145.12 1 0
github.com/dav88dev/myWebsite-go/internal/controllers/cv.go:149.3,149.19 1 0
github.com/dav88dev/myWebsite-go/internal/controllers/cv.go:153.2,153.32 1 0
github.com/dav88dev/myWebsite-go/internal/controllers/cv.go:157.64,203.2 1 0
github.com/dav88dev/myWebsite-go/internal/controllers/cv.go:206.42,218.38 2 0
github.com/dav88dev/myWebsite-go/internal/controllers/cv.go:218.38,219.23 1 0
github.com/dav88dev/myWebsite-go/internal/controllers/cv.go:219.23,221.4 1 0
github.com/dav88dev/myWebsite-go/internal/controllers/cv.go:223.2,223.14 1 0
github.com/dav88dev/myWebsite-go/internal/controllers/health.go:23.64,28.2 1 0
github.com/dav88dev/myWebsite-go/internal/controllers/health.go:42.54,54.2 3 0
github.com/dav88dev/myWebsite-go/internal/controllers/health.go:58.62,99.2 6 0
github.com/dav88dev/myWebsite-go/internal/controllers/health.go:102.39,104.18 2 0
github.com/dav88dev/myWebsite-go/internal/controllers/health.go:104.18,106.3 1 0
github.com/dav88dev/myWebsite-go/internal/controllers/health.go:107.2,108.46 2 0
github.com/dav88dev/myWebsite-go/internal/controllers/health.go:108.46,111.3 2 0
github.com/dav88dev/myWebsite-go/internal/controllers/health.go:112.2,112.82 1 0
github.com/dav88dev/myWebsite-go/internal/models/cv.go:78.36,86.37 2 0
github.com/dav88dev/myWebsite-go/internal/models/cv.go:86.37,87.50 1 0
github.com/dav88dev/myWebsite-go/internal/models/cv.go:87.50,89.4 1 0
github.com/dav88dev/myWebsite-go/internal/models/cv.go:93.2,93.32 1 0
github.com/dav88dev/myWebsite-go/internal/models/cv.go:97.49,100.16 2 0
github.com/dav88dev/myWebsite-go/internal/models/cv.go:100.16,102.3 1 0
github.com/dav88dev/myWebsite-go/internal/models/cv.go:105.2,106.16 2 0
github.com/dav88dev/myWebsite-go/internal/models/cv.go:106.16,108.3 1 0
github.com/dav88dev/myWebsite-go/internal/models/cv.go:111.2,111.42 1 0
github.com/dav88dev/myWebsite-go/internal/models/cv.go:111.42,113.3 1 0
github.com/dav88dev/myWebsite-go/internal/models/cv.go:115.2,116.16 2 0
github.com/dav88dev/myWebsite-go/internal/models/cv.go:116.16,118.3 1 0
github.com/dav88dev/myWebsite-go/internal/models/cv.go:120.2,122.16 3 0
github.com/dav88dev/myWebsite-go/internal/models/cv.go:122.16,124.3 1 0
github.com/dav88dev/myWebsite-go/internal/models/cv.go:126.2,126.21 1 0
github.com/dav88dev/myWebsite-go/internal/models/cv.go:130.33,221.2 1 0
github.com/dav88dev/myWebsite-go/internal/models/cv.go:224.36,230.16 3 0
github.com/dav88dev/myWebsite-go/internal/models/cv.go:230.16,232.3 1 0
github.com/dav88dev/myWebsite-go/internal/models/cv.go:234.2,235.16 2 0
github.com/dav88dev/myWebsite-go/internal/models/cv.go:235.16,237.3 1 0
github.com/dav88dev/myWebsite-go/internal/models/cv.go:239.2,239.42 1 0
github.com/dav88dev/myWebsite-go/internal/models/cv.go:239.42,241.3 1 0
github.com/dav88dev/myWebsite-go/internal/models/cv.go:243.2,244.16 2 0
github.com/dav88dev/myWebsite-go/internal/models/cv.go:244.16,247.3 1 0
github.com/dav88dev/myWebsite-go/internal/models/cv.go:249.2,251.16 3 0
github.com/dav88dev/myWebsite-go/internal/models/cv.go:251.16,253.3 1 0
github.com/dav88dev/myWebsite-go/internal/models/cv.go:255.2,262.71 2 0
github.com/dav88dev/myWebsite-go/internal/models/cv.go:262.71,263.46 1 0
github.com/dav88dev/myWebsite-go/internal/models/cv.go:263.46,265.4 1 0
github.com/dav88dev/myWebsite-go/internal/models/cv.go:266.3,266.67 1 0
github.com/dav88dev/myWebsite-go/internal/models/cv.go:266.67,267.42 1 0
github.com/dav88dev/myWebsite-go/internal/models/cv.go:267.42,269.5 1 0
github.com/dav88dev/myWebsite-go/internal/models/cv.go:273.2,273.79 1 0
github.com/dav88dev/myWebsite-go/internal/models/cv.go:273.79,274.47 1 0
github.com/dav88dev/myWebsite-go/internal/models/cv.go:274.47,276.4 1 0
github.com/dav88dev/myWebsite-go/internal/models/cv.go:279.2,279.20 1 0
github.com/dav88dev/myWebsite-go/internal/models/cv.go:283.33,289.2 1 0
github.com/dav88dev/myWebsite-go/config/config.go:56.36,59.40 1 0
github.com/dav88dev/myWebsite-go/config/config.go:59.40,61.3 1 0
github.com/dav88dev/myWebsite-go/config/config.go:64.2,65.39 2 0
github.com/dav88dev/myWebsite-go/config/config.go:65.39,67.3 1 0
github.com/dav88dev/myWebsite-go/config/config.go:70.2,70.39 1 0
github.com/dav88dev/myWebsite-go/config/config.go:70.39,72.3 1 0
github.com/dav88dev/myWebsite-go/config/config.go:74.2,75.17 2 0
github.com/dav88dev/myWebsite-go/config/config.go:79.35,89.35 1 0
github.com/dav88dev/myWebsite-go/config/config.go:89.35,90.24 1 0
github.com/dav88dev/myWebsite-go/config/config.go:90.24,92.4 1 0
github.com/dav88dev/myWebsite-go/config/config.go:93.3,93.28 1 0
github.com/dav88dev/myWebsite-go/config/config.go:93.28,95.4 1 0
github.com/dav88dev/myWebsite-go/config/config.go:98.2,98.12 1 0
github.com/dav88dev/myWebsite-go/config/config.go:102.38,104.2 1 0
github.com/dav88dev/myWebsite-go/config/config.go:107.39,109.2 1 0
github.com/dav88dev/myWebsite-go/config/config.go:113.39,132.16 3 0
github.com/dav88dev/myWebsite-go/config/config.go:132.16,134.3 1 0
github.com/dav88dev/myWebsite-go/config/config.go:137.2,141.16 4 0
github.com/dav88dev/myWebsite-go/config/config.go:141.16,143.3 1 0
github.com/dav88dev/myWebsite-go/config/config.go:146.2,146.46 1 0
github.com/dav88dev/myWebsite-go/config/config.go:146.46,148.3 1 0
github.com/dav88dev/myWebsite-go/config/config.go:150.2,151.12 2 0
github.com/dav88dev/myWebsite-go/config/config.go:155.44,157.2 1 0
github.com/dav88dev/myWebsite-go/config/config.go:160.74,161.58 1 0
github.com/dav88dev/myWebsite-go/config/config.go:161.58,163.3 1 0
github.com/dav88dev/myWebsite-go/config/config.go:164.2,164.22 1 0
github.com/dav88dev/myWebsite-go/config/config.go:169.67,178.19 3 0
github.com/dav88dev/myWebsite-go/config/config.go:178.19,181.14 2 0
github.com/dav88dev/myWebsite-go/config/config.go:181.14,190.4 3 0
github.com/dav88dev/myWebsite-go/config/config.go:194.2,194.23 1 0
github.com/dav88dev/myWebsite-go/config/config.go:194.23,199.3 2 0
github.com/dav88dev/myWebsite-go/config/config.go:202.2,203.32 2 0
github.com/dav88dev/myWebsite-go/internal/routes/api.go:17.58,35.2 7 0
github.com/dav88dev/myWebsite-go/internal/routes/api.go:35.2,38.3 2 0
github.com/dav88dev/myWebsite-go/internal/routes/api.go:38.3,42.4 2 0
github.com/dav88dev/myWebsite-go/internal/routes/api.go:45.3,46.53 2 0
github.com/dav88dev/myWebsite-go/internal/routes/api.go:50.2,53.25 2 0
github.com/dav88dev/myWebsite-go/internal/routes/api.go:53.25,55.3 1 0
github.com/dav88dev/myWebsite-go/internal/routes/api.go:59.64,61.39 1 0
github.com/dav88dev/myWebsite-go/internal/routes/api.go:61.39,64.17 2 0
github.com/dav88dev/myWebsite-go/internal/routes/api.go:64.17,69.4 2 0
github.com/dav88dev/myWebsite-go/internal/routes/api.go:72.3,73.17 2 0
github.com/dav88dev/myWebsite-go/internal/routes/api.go:73.17,78.4 2 0
github.com/dav88dev/myWebsite-go/internal/routes/api.go:81.3,82.14 2 0
github.com/dav88dev/myWebsite-go/internal/routes/api.go:82.14,84.4 1 0
github.com/dav88dev/myWebsite-go/internal/routes/api.go:87.3,93.52 2 0
github.com/dav88dev/myWebsite-go/internal/routes/api.go:97.2,97.50 1 0
github.com/dav88dev/myWebsite-go/internal/routes/api.go:97.50,99.3 1 0
github.com/dav88dev/myWebsite-go/internal/routes/api.go:102.2,102.38 1 0
github.com/dav88dev/myWebsite-go/internal/routes/api.go:102.38,104.52 1 0
github.com/dav88dev/myWebsite-go/internal/routes/api.go:104.52,111.4 2 0
github.com/dav88dev/myWebsite-go/internal/routes/api.go:114.3,114.55 1 0
github.com/dav88dev/myWebsite-go/internal/routes/api.go:114.55,117.4 2 0
github.com/dav88dev/myWebsite-go/internal/routes/api.go:120.3,125.5 2 0
github.com/dav88dev/myWebsite-go/internal/routes/api.go:130.61,132.2 2 0
github.com/dav88dev/myWebsite-go/internal/routes/api.go:132.2,134.43 1 0
github.com/dav88dev/myWebsite-go/internal/routes/api.go:134.43,152.4 1 0
github.com/dav88dev/myWebsite-go/internal/routes/api.go:155.3,155.49 1 0
github.com/dav88dev/myWebsite-go/internal/routes/api.go:155.49,164.4 1 0
github.com/dav88dev/myWebsite-go/internal/routes/api.go:167.3,167.47 1 0
github.com/dav88dev/myWebsite-go/internal/routes/api.go:167.47,169.48 1 0
github.com/dav88dev/myWebsite-go/internal/middleware/cache.go:13.37,14.30 1 0
github.com/dav88dev/myWebsite-go/internal/middleware/cache.go:14.30,21.14 3 0
github.com/dav88dev/myWebsite-go/internal/middleware/cache.go:22.22,24.87 1 0
github.com/dav88dev/myWebsite-go/internal/middleware/cache.go:24.87,27.5 1 0
github.com/dav88dev/myWebsite-go/internal/middleware/cache.go:27.10,30.5 1 0
github.com/dav88dev/myWebsite-go/internal/middleware/cache.go:32.42,34.68 1 0
github.com/dav88dev/myWebsite-go/internal/middleware/cache.go:36.74,38.56 1 0
github.com/dav88dev/myWebsite-go/internal/middleware/cache.go:40.16,42.55 1 0
github.com/dav88dev/myWebsite-go/internal/middleware/cache.go:44.16,46.53 1 0
github.com/dav88dev/myWebsite-go/internal/middleware/cache.go:48.24,50.44 1 0
github.com/dav88dev/myWebsite-go/internal/middleware/cache.go:50.44,52.5 1 0
github.com/dav88dev/myWebsite-go/internal/middleware/cache.go:52.10,54.5 1 0
github.com/dav88dev/myWebsite-go/internal/middleware/cache.go:56.11,58.53 1 0
github.com/dav88dev/myWebsite-go/internal/middleware/cache.go:62.3,68.11 3 0
github.com/dav88dev/myWebsite-go/internal/middleware/cache.go:73.39,76.28 2 0
github.com/dav88dev/myWebsite-go/internal/middleware/cache.go:76.28,78.3 1 0
github.com/dav88dev/myWebsite-go/internal/middleware/cache.go:81.2,88.51 5 0
github.com/dav88dev/myWebsite-go/internal/middleware/logger.go:14.46,18.46 1 0
github.com/dav88dev/myWebsite-go/internal/middleware/logger.go:18.46,36.16 9 0
github.com/dav88dev/myWebsite-go/internal/middleware/logger.go:36.16,38.4 1 0
github.com/dav88dev/myWebsite-go/internal/middleware/logger.go:41.3,41.19 1 0
github.com/dav88dev/myWebsite-go/internal/middleware/logger.go:42.16,49.5 1 0
github.com/dav88dev/myWebsite-go/internal/middleware/logger.go:50.15,52.25 1 0
github.com/dav88dev/myWebsite-go/internal/middleware/logger.go:52.25,60.5 1 0
github.com/dav88dev/myWebsite-go/internal/middleware/logger.go:61.15,63.25 1 0
github.com/dav88dev/myWebsite-go/internal/middleware/logger.go:63.25,71.5 1 0
github.com/dav88dev/myWebsite-go/internal/middleware/logger.go:72.16,74.25 1 0
github.com/dav88dev/myWebsite-go/internal/middleware/logger.go:74.25,82.5 1 0
github.com/dav88dev/myWebsite-go/internal/middleware/logger.go:86.3,86.28 1 0
github.com/dav88dev/myWebsite-go/internal/middleware/logger.go:86.28,94.4 1 0
github.com/dav88dev/myWebsite-go/internal/middleware/metrics.go:25.32,26.30 1 0
github.com/dav88dev/myWebsite-go/internal/middleware/metrics.go:26.30,40.24 7 0
github.com/dav88dev/myWebsite-go/internal/middleware/metrics.go:40.24,42.4 1 0
github.com/dav88dev/myWebsite-go/internal/middleware/metrics.go:45.3,45.28 1 0
github.com/dav88dev/myWebsite-go/internal/middleware/metrics.go:45.28,47.4 1 0
github.com/dav88dev/myWebsite-go/internal/middleware/metrics.go:50.3,56.62 5 0
github.com/dav88dev/myWebsite-go/internal/middleware/metrics.go:62.42,69.23 6 0
github.com/dav88dev/myWebsite-go/internal/middleware/metrics.go:69.23,71.3 1 0
github.com/dav88dev/myWebsite-go/internal/middleware/metrics.go:73.2,74.23 2 0
github.com/dav88dev/myWebsite-go/internal/middleware/metrics.go:74.23,76.3 1 0
github.com/dav88dev/myWebsite-go/internal/middleware/metrics.go:79.2,80.67 2 0
github.com/dav88dev/myWebsite-go/internal/middleware/metrics.go:80.67,85.3 4 0
github.com/dav88dev/myWebsite-go/internal/middleware/metrics.go:87.2,94.3 1 0
github.com/dav88dev/myWebsite-go/internal/middleware/ratelimit.go:32.41,34.24 1 0
github.com/dav88dev/myWebsite-go/internal/middleware/ratelimit.go:34.24,43.3 2 0
github.com/dav88dev/myWebsite-go/internal/middleware/ratelimit.go:46.2,47.25 2 0
github.com/dav88dev/myWebsite-go/internal/middleware/ratelimit.go:47.25,49.3 1 0
github.com/dav88dev/myWebsite-go/internal/middleware/ratelimit.go:50.2,52.30 2 0
github.com/dav88dev/myWebsite-go/internal/middleware/ratelimit.go:52.30,55.31 2 0
github.com/dav88dev/myWebsite-go/internal/middleware/ratelimit.go:55.31,63.4 3 0
github.com/dav88dev/myWebsite-go/internal/middleware/ratelimit.go:65.3,65.11 1 0
github.com/dav88dev/myWebsite-go/internal/middleware/ratelimit.go:70.52,77.13 5 0
github.com/dav88dev/myWebsite-go/internal/middleware/ratelimit.go:77.13,84.3 2 0
github.com/dav88dev/myWebsite-go/internal/middleware/ratelimit.go:87.2,87.33 1 0
github.com/dav88dev/myWebsite-go/internal/middleware/ratelimit.go:87.33,91.3 3 0
github.com/dav88dev/myWebsite-go/internal/middleware/ratelimit.go:94.2,94.28 1 0
github.com/dav88dev/myWebsite-go/internal/middleware/ratelimit.go:94.28,97.3 2 0
github.com/dav88dev/myWebsite-go/internal/middleware/ratelimit.go:99.2,99.14 1 0
github.com/dav88dev/myWebsite-go/internal/middleware/ratelimit.go:103.34,107.21 3 0
github.com/dav88dev/myWebsite-go/internal/middleware/ratelimit.go:107.21,111.38 3 0
github.com/dav88dev/myWebsite-go/internal/middleware/ratelimit.go:111.38,112.52 1 0
github.com/dav88dev/myWebsite-go/internal/middleware/ratelimit.go:112.52,114.5 1 0
github.com/dav88dev/myWebsite-go/internal/middleware/ratelimit.go:117.3,117.17 1 0
github.com/dav88dev/myWebsite-go/internal/middleware/recovery.go:15.33,16.30 1 0
github.com/dav88dev/myWebsite-go/internal/middleware/recovery.go:16.30,17.16 1 0
github.com/dav88dev/myWebsite-go/internal/middleware/recovery.go:17.16,18.36 1 0
github.com/dav88dev/myWebsite-go/internal/middleware/recovery.go:18.36,24.22 3 0
github.com/dav88dev/myWebsite-go/internal/middleware/recovery.go:24.22,26.6 1 0
github.com/dav88dev/myWebsite-go/internal/middleware/recovery.go:29.5,29.54 1 0
github.com/dav88dev/myWebsite-go/internal/middleware/recovery.go:29.54,37.6 3 0
github.com/dav88dev/myWebsite-go/internal/middleware/recovery.go:40.5,44.24 3 0
github.com/dav88dev/myWebsite-go/internal/middleware/recovery.go:44.24,46.6 1 0
github.com/dav88dev/myWebsite-go/internal/middleware/recovery.go:49.5,54.14 2 0
github.com/dav88dev/myWebsite-go/internal/middleware/recovery.go:57.3,57.11 1 0
github.com/dav88dev/myWebsite-go/internal/middleware/security.go:14.40,15.30 1 0
github.com/dav88dev/myWebsite-go/internal/middleware/security.go:15.30,47.46 8 0
github.com/dav88dev/myWebsite-go/internal/middleware/security.go:47.46,49.4 1 0
github.com/dav88dev/myWebsite-go/internal/middleware/security.go:51.3,55.27 2 0
github.com/dav88dev/myWebsite-go/internal/middleware/security.go:55.27,57.4 1 0
github.com/dav88dev/myWebsite-go/internal/middleware/security.go:60.3,66.46 3 0
github.com/dav88dev/myWebsite-go/internal/middleware/security.go:66.46,70.4 3 0
github.com/dav88dev/myWebsite-go/internal/middleware/security.go:72.3,72.11 1 0
github.com/dav88dev/myWebsite-go/internal/middleware/security.go:77.29,79.44 2 0
github.com/dav88dev/myWebsite-go/internal/middleware/security.go:79.44,82.3 1 0
github.com/dav88dev/myWebsite-go/internal/middleware/security.go:83.2,83.49 1 0
github.com/dav88dev/myWebsite-go/main.go:29.13,32.16 2 0
github.com/dav88dev/myWebsite-go/main.go:32.16,34.3 1 0
github.com/dav88dev/myWebsite-go/main.go:37.2,38.16 2 0
github.com/dav88dev/myWebsite-go/main.go:38.16,41.3 2 0
github.com/dav88dev/myWebsite-go/main.go:44.2,44.24 1 0
github.com/dav88dev/myWebsite-go/main.go:44.24,47.3 2 0
github.com/dav88dev/myWebsite-go/main.go:47.8,50.3 2 0
github.com/dav88dev/myWebsite-go/main.go:53.2,69.57 7 0
github.com/dav88dev/myWebsite-go/main.go:69.57,71.3 1 0
github.com/dav88dev/myWebsite-go/main.go:76.50,86.24 3 3
github.com/dav88dev/myWebsite-go/main.go:86.24,88.26 2 0
github.com/dav88dev/myWebsite-go/main.go:88.26,96.4 2 0
github.com/dav88dev/myWebsite-go/main.go:97.8,99.3 1 3
github.com/dav88dev/myWebsite-go/main.go:102.2,114.25 3 3
github.com/dav88dev/myWebsite-go/main.go:114.25,116.3 1 0
github.com/dav88dev/myWebsite-go/main.go:116.8,119.3 1 3
github.com/dav88dev/myWebsite-go/main.go:120.2,126.25 3 3
github.com/dav88dev/myWebsite-go/main.go:126.25,128.3 1 0
github.com/dav88dev/myWebsite-go/main.go:131.2,142.25 5 3
github.com/dav88dev/myWebsite-go/main.go:142.25,145.3 1 0
github.com/dav88dev/myWebsite-go/main.go:148.2,150.15 2 3
github.com/dav88dev/myWebsite-go/main.go:155.31,169.76 7 0
github.com/dav88dev/myWebsite-go/main.go:169.76,170.48 1 0
github.com/dav88dev/myWebsite-go/main.go:170.48,172.4 1 0
github.com/dav88dev/myWebsite-go/main.go:172.9,174.4 1 0
github.com/dav88dev/myWebsite-go/main.go:177.2,178.12 2 0
